<?xml version="1.0" encoding="UTF-8"?>
<!-- Generated by org.testng.reporters.JUnitReportReporter -->
<testsuite hostname="DESKTOP-FICHO8O" failures="0" tests="3" name="com.application" time="7.523" errors="0" timestamp="2022-10-12T07:35:03 IST" skipped="0">
  <testcase classname="com.application" name="loadtime" time="0.456"/>
  <system-out/>
  <testcase classname="com.application" name="search" time="3.843"/>
  <system-out/>
  <testcase classname="com.application" name="scroll" time="3.224"/>
  <system-out/>
</testsuite> <!-- com.application -->
